<?xml version="1.0" encoding="UTF-8"?>
<!-- Generated by org.testng.reporters.JUnitReportReporter -->
<testsuite hostname="TALAN-OKCHBNQ" failures="0" tests="1" name="AppiumApp.RunWebapplicationAndoidimulator" time="109.978" errors="0" timestamp="2022-06-29T09:20:11 WAT" skipped="0">
  <testcase classname="AppiumApp.RunWebapplicationAndoidimulator" name="OpenWebApp" time="109.978"/>
  <system-out/>
</testsuite> <!-- AppiumApp.RunWebapplicationAndoidimulator -->
